Using pre-set license
Built from '2021.3/china_unity/release' branch; Version is '2021.3.26f1c1 (19b503b0ef33) revision 1684739'; Using compiler version '192829333'; Build Type 'Release'
OS: 'Windows 10  (10.0.19045) 64bit Professional' Language: 'zh' Physical Memory: 8130 MB
BatchMode: 1, IsHumanControllingUs: 0, StartBugReporterOnCrash: 0, Is64bit: 1, IsPro: 1

COMMAND LINE ARGUMENTS:
C:\Program Files\Unity\Hub\Editor\2021.3.26f1c1\Editor\Unity.exe
-adb2
-batchMode
-noUpm
-name
AssetImportWorker0
-projectPath
C:/Users/User2023/Desktop/UnityProject/2D_farm
-logFile
Logs/AssetImportWorker0.log
-srvPort
9948
Successfully changed project path to: C:/Users/User2023/Desktop/UnityProject/2D_farm
C:/Users/User2023/Desktop/UnityProject/2D_farm
[UnityMemory] Configuration Parameters - Can be set up in boot.config
    "memorysetup-bucket-allocator-granularity=16"
    "memorysetup-bucket-allocator-bucket-count=8"
    "memorysetup-bucket-allocator-block-size=33554432"
    "memorysetup-bucket-allocator-block-count=8"
    "memorysetup-main-allocator-block-size=16777216"
    "memorysetup-thread-allocator-block-size=16777216"
    "memorysetup-gfx-main-allocator-block-size=16777216"
    "memorysetup-gfx-thread-allocator-block-size=16777216"
    "memorysetup-cache-allocator-block-size=4194304"
    "memorysetup-typetree-allocator-block-size=2097152"
    "memorysetup-profiler-bucket-allocator-granularity=16"
    "memorysetup-profiler-bucket-allocator-bucket-count=8"
    "memorysetup-profiler-bucket-allocator-block-size=33554432"
    "memorysetup-profiler-bucket-allocator-block-count=8"
    "memorysetup-profiler-allocator-block-size=16777216"
    "memorysetup-profiler-editor-allocator-block-size=1048576"
    "memorysetup-temp-allocator-size-main=16777216"
    "memorysetup-job-temp-allocator-block-size=2097152"
    "memorysetup-job-temp-allocator-block-size-background=1048576"
    "memorysetup-job-temp-allocator-reduction-small-platforms=262144"
    "memorysetup-temp-allocator-size-background-worker=32768"
    "memorysetup-temp-allocator-size-job-worker=262144"
    "memorysetup-temp-allocator-size-preload-manager=33554432"
    "memorysetup-temp-allocator-size-nav-mesh-worker=65536"
    "memorysetup-temp-allocator-size-audio-worker=65536"
    "memorysetup-temp-allocator-size-cloud-worker=32768"
    "memorysetup-temp-allocator-size-gi-baking-worker=262144"
    "memorysetup-temp-allocator-size-gfx=262144"
Player connection [4420] Host "[IP] 192.168.1.121 [Port] 0 [Flags] 2 [Guid] 1586564161 [EditorId] 1586564161 [Version] 1048832 [Id] WindowsEditor(7,DESKTOP-7RAAVND) [Debug] 1 [PackageName] WindowsEditor [ProjectName] Editor" joined multi-casting on [225.0.0.222:54997]...

Player connection [4420] Host "[IP] 192.168.1.121 [Port] 0 [Flags] 2 [Guid] 1586564161 [EditorId] 1586564161 [Version] 1048832 [Id] WindowsEditor(7,DESKTOP-7RAAVND) [Debug] 1 [PackageName] WindowsEditor [ProjectName] Editor" joined alternative multi-casting on [225.0.0.222:34997]...

AS: AutoStreaming module initializing.
Refreshing native plugins compatible for Editor in 80.78 ms, found 1 plugins.
Preloading 0 native plugins for Editor in 0.00 ms.
Initialize engine version: 2021.3.26f1c1 (19b503b0ef33)
[Subsystems] Discovering subsystems at path C:/Program Files/Unity/Hub/Editor/2021.3.26f1c1/Editor/Data/Resources/UnitySubsystems
[Subsystems] Discovering subsystems at path C:/Users/User2023/Desktop/UnityProject/2D_farm/Assets
GfxDevice: creating device client; threaded=0; jobified=0
Direct3D:
    Version:  Direct3D 11.0 [level 11.0]
    Renderer: NVIDIA GeForce GT 640M (ID=0xfd8)
    Vendor:   NVIDIA
    VRAM:     484 MB
    Driver:   22.21.13.8205
Initialize mono
Mono path[0] = 'C:/Program Files/Unity/Hub/Editor/2021.3.26f1c1/Editor/Data/Managed'
Mono path[1] = 'C:/Program Files/Unity/Hub/Editor/2021.3.26f1c1/Editor/Data/MonoBleedingEdge/lib/mono/unityjit-win32'
Mono config path = 'C:/Program Files/Unity/Hub/Editor/2021.3.26f1c1/Editor/Data/MonoBleedingEdge/etc'
Using monoOptions --debugger-agent=transport=dt_socket,embedding=1,server=y,suspend=n,address=127.0.0.1:56168
Begin MonoManager ReloadAssembly
Registering precompiled unity dll's ...
Register platform support module: C:/Program Files/Unity/Hub/Editor/2021.3.26f1c1/Editor/Data/PlaybackEngines/WindowsStandaloneSupport/UnityEditor.WindowsStandalone.Extensions.dll
Registered in 0.052212 seconds.
Native extension for WindowsStandalone target not found
Refreshing native plugins compatible for Editor in 95.93 ms, found 1 plugins.
Preloading 0 native plugins for Editor in 0.00 ms.
Mono: successfully reloaded assembly
- Completed reload, in  1.599 seconds
Domain Reload Profiling:
	ReloadAssembly (1600ms)
		BeginReloadAssembly (307ms)
			ExecutionOrderSort (0ms)
			DisableScriptedObjects (0ms)
			BackupInstance (0ms)
			ReleaseScriptingObjects (0ms)
			CreateAndSetChildDomain (1ms)
		EndReloadAssembly (954ms)
			LoadAssemblies (278ms)
			RebuildTransferFunctionScriptingTraits (0ms)
			SetupTypeCache (218ms)
			ReleaseScriptCaches (0ms)
			RebuildScriptCaches (54ms)
			SetupLoadedEditorAssemblies (510ms)
				LogAssemblyErrors (0ms)
				InitializePlatformSupportModulesInManaged (26ms)
				SetLoadedEditorAssemblies (0ms)
				RefreshPlugins (96ms)
				BeforeProcessingInitializeOnLoad (4ms)
				ProcessInitializeOnLoadAttributes (250ms)
				ProcessInitializeOnLoadMethodAttributes (133ms)
				AfterProcessingInitializeOnLoad (0ms)
				EditorAssembliesLoaded (0ms)
			ExecutionOrderSort2 (0ms)
			AwakeInstancesAfterBackupRestoration (0ms)
Platform modules already initialized, skipping
Registering precompiled user dll's ...
Registered in 0.027243 seconds.
Begin MonoManager ReloadAssembly
Native extension for WindowsStandalone target not found
Refreshing native plugins compatible for Editor in 73.37 ms, found 1 plugins.
Preloading 0 native plugins for Editor in 0.00 ms.
Mono: successfully reloaded assembly
- Completed reload, in  2.305 seconds
Domain Reload Profiling:
	ReloadAssembly (2307ms)
		BeginReloadAssembly (379ms)
			ExecutionOrderSort (0ms)
			DisableScriptedObjects (13ms)
			BackupInstance (0ms)
			ReleaseScriptingObjects (0ms)
			CreateAndSetChildDomain (38ms)
		EndReloadAssembly (1602ms)
			LoadAssemblies (302ms)
			RebuildTransferFunctionScriptingTraits (0ms)
			SetupTypeCache (370ms)
			ReleaseScriptCaches (1ms)
			RebuildScriptCaches (92ms)
			SetupLoadedEditorAssemblies (757ms)
				LogAssemblyErrors (0ms)
				InitializePlatformSupportModulesInManaged (20ms)
				SetLoadedEditorAssemblies (0ms)
				RefreshPlugins (74ms)
				BeforeProcessingInitializeOnLoad (226ms)
				ProcessInitializeOnLoadAttributes (265ms)
				ProcessInitializeOnLoadMethodAttributes (80ms)
				AfterProcessingInitializeOnLoad (91ms)
				EditorAssembliesLoaded (0ms)
			ExecutionOrderSort2 (0ms)
			AwakeInstancesAfterBackupRestoration (54ms)
Platform modules already initialized, skipping
========================================================================
Worker process is ready to serve import requests
Launched and connected shader compiler UnityShaderCompiler.exe after 0.16 seconds
Refreshing native plugins compatible for Editor in 0.57 ms, found 1 plugins.
Preloading 0 native plugins for Editor in 0.00 ms.
Unloading 1855 Unused Serialized files (Serialized files now loaded: 0)
Unloading 23 unused Assets / (56.0 KB). Loaded Objects now: 2327.
Memory consumption went from 92.7 MB to 92.6 MB.
Total: 4.501700 ms (FindLiveObjects: 0.216500 ms CreateObjectMapping: 0.112600 ms MarkObjects: 4.068300 ms  DeleteObjects: 0.102700 ms)

AssetImportParameters requested are different than current active one (requested -> active):
  custom:video-decoder-ogg-theora: a1e56fd34408186e4bbccfd4996cb3dc -> 
  custom:container-muxer-webm: aa71ff27fc2769a1b78a27578f13a17b -> 
  custom:container-demuxer-webm: 4f35f7cbe854078d1ac9338744f61a02 -> 
  custom:video-encoder-webm-vp8: eb34c28f22e8b96e1ab97ce403110664 -> 
  custom:audio-encoder-webm-vorbis: bf7c407c2cedff20999df2af8eb42d56 -> 
  custom:framework-win-MediaFoundation: 216162199b28c13a410421893ffa2e32 -> 
  custom:container-demuxer-ogg: 62fdf1f143b41e24485cea50d1cbac27 -> 
  custom:video-decoder-webm-vp8: 9c59270c3fd7afecdb556c50c9e8de78 -> 
  custom:audio-decoder-ogg-vorbis: bf7c407c2cedff20999df2af8eb42d56 -> 
========================================================================
Received Import Request.
  Time since last request: 19655.316482 seconds.
  path: Assets/Scenes/SampleScene.unity
  artifactKey: Guid(2cda990e2423bbf4892e6590ba056729) Importer(815301076,1909f56bfc062723c751e8b465ee728b)
Start importing Assets/Scenes/SampleScene.unity using Guid(2cda990e2423bbf4892e6590ba056729) Importer(815301076,1909f56bfc062723c751e8b465ee728b)  -> (artifact id: '9d5b2752e8f35988f37d7cc932963e81') in 0.022570 seconds 
========================================================================
Received Import Request.
  Time since last request: 259.027520 seconds.
  path: ProjectSettings/TagManager.asset
  artifactKey: Guid(00000000000000003000000000000000) Importer(815301076,1909f56bfc062723c751e8b465ee728b)
Start importing ProjectSettings/TagManager.asset using Guid(00000000000000003000000000000000) Importer(815301076,1909f56bfc062723c751e8b465ee728b)  -> (artifact id: '1c97ca90b79dd852c83e2c5a61b59456') in 0.188035 seconds 
========================================================================
Received Import Request.
  Time since last request: 329.327491 seconds.
  path: Assets/Scenes/SampleScene.unity
  artifactKey: Guid(2cda990e2423bbf4892e6590ba056729) Importer(815301076,1909f56bfc062723c751e8b465ee728b)
Start importing Assets/Scenes/SampleScene.unity using Guid(2cda990e2423bbf4892e6590ba056729) Importer(815301076,1909f56bfc062723c751e8b465ee728b)  -> (artifact id: '2354e8150703e94a89d16a54a7c73989') in 0.014030 seconds 
========================================================================
Received Import Request.
  Time since last request: 8.641394 seconds.
  path: Assets/Scenes/PersistanceScene.unity
  artifactKey: Guid(2cda990e2423bbf4892e6590ba056729) Importer(815301076,1909f56bfc062723c751e8b465ee728b)
Start importing Assets/Scenes/PersistanceScene.unity using Guid(2cda990e2423bbf4892e6590ba056729) Importer(815301076,1909f56bfc062723c751e8b465ee728b)  -> (artifact id: '35fcd8ef9deeab1fc439e16a4d685375') in 0.034696 seconds 
========================================================================
Received Import Request.
  Time since last request: 11.948318 seconds.
  path: Assets/Scenes/PersistantScene.unity
  artifactKey: Guid(2cda990e2423bbf4892e6590ba056729) Importer(815301076,1909f56bfc062723c751e8b465ee728b)
Start importing Assets/Scenes/PersistantScene.unity using Guid(2cda990e2423bbf4892e6590ba056729) Importer(815301076,1909f56bfc062723c751e8b465ee728b)  -> (artifact id: '39787f82dc331ba080585533c08d0752') in 0.018167 seconds 
========================================================================
Received Import Request.
  Time since last request: 12.481254 seconds.
  path: Assets/Scenes/PersistentScene.unity
  artifactKey: Guid(2cda990e2423bbf4892e6590ba056729) Importer(815301076,1909f56bfc062723c751e8b465ee728b)
Start importing Assets/Scenes/PersistentScene.unity using Guid(2cda990e2423bbf4892e6590ba056729) Importer(815301076,1909f56bfc062723c751e8b465ee728b)  -> (artifact id: '8aeb59ecb48903dd514430f255d41211') in 0.023599 seconds 
========================================================================
Received Import Request.
  Time since last request: 36.014116 seconds.
  path: Assets/Scenes
  artifactKey: Guid(8b06dd76614ff6f45a6347d1a0cb84b7) Importer(815301076,1909f56bfc062723c751e8b465ee728b)
Start importing Assets/Scenes using Guid(8b06dd76614ff6f45a6347d1a0cb84b7) Importer(815301076,1909f56bfc062723c751e8b465ee728b)  -> (artifact id: '8e070503ee632c8b805755bb61a747fc') in 0.024289 seconds 
========================================================================
Received Import Request.
  Time since last request: 11.401296 seconds.
  path: Assets/Scenes/01.Field.unity
  artifactKey: Guid(1b600b28cbca7844182a9b1358031afc) Importer(815301076,1909f56bfc062723c751e8b465ee728b)
Start importing Assets/Scenes/01.Field.unity using Guid(1b600b28cbca7844182a9b1358031afc) Importer(815301076,1909f56bfc062723c751e8b465ee728b)  -> (artifact id: '8185aece7538037638b9004af609a308') in 0.019336 seconds 
========================================================================
Received Import Request.
  Time since last request: 63.584837 seconds.
  path: Assets/Scenes/01.Field.unity
  artifactKey: Guid(1b600b28cbca7844182a9b1358031afc) Importer(815301076,1909f56bfc062723c751e8b465ee728b)
Start importing Assets/Scenes/01.Field.unity using Guid(1b600b28cbca7844182a9b1358031afc) Importer(815301076,1909f56bfc062723c751e8b465ee728b)  -> (artifact id: 'e852fa417f3b3d6a7295335fd592d946') in 0.069322 seconds 
========================================================================
Received Import Request.
  Time since last request: 0.337968 seconds.
  path: Assets/Scenes/01.Field 1.unity
  artifactKey: Guid(c0393c6b35e05764ebde2923fef6bc6a) Importer(815301076,1909f56bfc062723c751e8b465ee728b)
Start importing Assets/Scenes/01.Field 1.unity using Guid(c0393c6b35e05764ebde2923fef6bc6a) Importer(815301076,1909f56bfc062723c751e8b465ee728b)  -> (artifact id: '246253cfabf7b2095beb45f1e684deb5') in 0.018199 seconds 
========================================================================
Received Import Request.
  Time since last request: 3.586862 seconds.
  path: Assets/Scenes/Tamplate.unity
  artifactKey: Guid(c0393c6b35e05764ebde2923fef6bc6a) Importer(815301076,1909f56bfc062723c751e8b465ee728b)
Start importing Assets/Scenes/Tamplate.unity using Guid(c0393c6b35e05764ebde2923fef6bc6a) Importer(815301076,1909f56bfc062723c751e8b465ee728b)  -> (artifact id: 'fe3c7d4ef75cc56e1971cc0de4b2f447') in 0.021558 seconds 
========================================================================
Received Import Request.
  Time since last request: 7.906189 seconds.
  path: Assets/Scenes/Template.unity
  artifactKey: Guid(c0393c6b35e05764ebde2923fef6bc6a) Importer(815301076,1909f56bfc062723c751e8b465ee728b)
Start importing Assets/Scenes/Template.unity using Guid(c0393c6b35e05764ebde2923fef6bc6a) Importer(815301076,1909f56bfc062723c751e8b465ee728b)  -> (artifact id: 'c39976c66f7d8bc9d646f69c4e22464c') in 0.023318 seconds 
========================================================================
Received Import Request.
  Time since last request: 107.988070 seconds.
  path: Assets/Tilemaps/Palettes
  artifactKey: Guid(a9b69880e50dcbd4895564a40f9a5066) Importer(815301076,1909f56bfc062723c751e8b465ee728b)
Start importing Assets/Tilemaps/Palettes using Guid(a9b69880e50dcbd4895564a40f9a5066) Importer(815301076,1909f56bfc062723c751e8b465ee728b)  -> (artifact id: '6bcdb16a0c71b2b895997eea7046c409') in 0.026422 seconds 
