Using pre-set license
Built from '2021.3/china_unity/release' branch; Version is '2021.3.26f1c1 (19b503b0ef33) revision 1684739'; Using compiler version '192829333'; Build Type 'Release'
OS: 'Windows 10  (10.0.19045) 64bit Professional' Language: 'zh' Physical Memory: 8130 MB
BatchMode: 1, IsHumanControllingUs: 0, StartBugReporterOnCrash: 0, Is64bit: 1, IsPro: 1

COMMAND LINE ARGUMENTS:
C:\Program Files\Unity\Hub\Editor\2021.3.26f1c1\Editor\Unity.exe
-adb2
-batchMode
-noUpm
-name
AssetImportWorker4
-projectPath
C:/Users/User2023/Desktop/UnityProject/2D_farm
-logFile
Logs/AssetImportWorker4.log
-srvPort
3713
Successfully changed project path to: C:/Users/User2023/Desktop/UnityProject/2D_farm
C:/Users/User2023/Desktop/UnityProject/2D_farm
[UnityMemory] Configuration Parameters - Can be set up in boot.config
    "memorysetup-bucket-allocator-granularity=16"
    "memorysetup-bucket-allocator-bucket-count=8"
    "memorysetup-bucket-allocator-block-size=33554432"
    "memorysetup-bucket-allocator-block-count=8"
    "memorysetup-main-allocator-block-size=16777216"
    "memorysetup-thread-allocator-block-size=16777216"
    "memorysetup-gfx-main-allocator-block-size=16777216"
    "memorysetup-gfx-thread-allocator-block-size=16777216"
    "memorysetup-cache-allocator-block-size=4194304"
    "memorysetup-typetree-allocator-block-size=2097152"
    "memorysetup-profiler-bucket-allocator-granularity=16"
    "memorysetup-profiler-bucket-allocator-bucket-count=8"
    "memorysetup-profiler-bucket-allocator-block-size=33554432"
    "memorysetup-profiler-bucket-allocator-block-count=8"
    "memorysetup-profiler-allocator-block-size=16777216"
    "memorysetup-profiler-editor-allocator-block-size=1048576"
    "memorysetup-temp-allocator-size-main=16777216"
    "memorysetup-job-temp-allocator-block-size=2097152"
    "memorysetup-job-temp-allocator-block-size-background=1048576"
    "memorysetup-job-temp-allocator-reduction-small-platforms=262144"
    "memorysetup-temp-allocator-size-background-worker=32768"
    "memorysetup-temp-allocator-size-job-worker=262144"
    "memorysetup-temp-allocator-size-preload-manager=33554432"
    "memorysetup-temp-allocator-size-nav-mesh-worker=65536"
    "memorysetup-temp-allocator-size-audio-worker=65536"
    "memorysetup-temp-allocator-size-cloud-worker=32768"
    "memorysetup-temp-allocator-size-gi-baking-worker=262144"
    "memorysetup-temp-allocator-size-gfx=262144"
Player connection [12200] Host "[IP] 192.168.1.121 [Port] 0 [Flags] 2 [Guid] 1469568963 [EditorId] 1469568963 [Version] 1048832 [Id] WindowsEditor(7,DESKTOP-7RAAVND) [Debug] 1 [PackageName] WindowsEditor [ProjectName] Editor" joined multi-casting on [225.0.0.222:54997]...

Player connection [12200] Host "[IP] 192.168.1.121 [Port] 0 [Flags] 2 [Guid] 1469568963 [EditorId] 1469568963 [Version] 1048832 [Id] WindowsEditor(7,DESKTOP-7RAAVND) [Debug] 1 [PackageName] WindowsEditor [ProjectName] Editor" joined alternative multi-casting on [225.0.0.222:34997]...

AS: AutoStreaming module initializing.
Refreshing native plugins compatible for Editor in 94.34 ms, found 1 plugins.
Preloading 0 native plugins for Editor in 0.00 ms.
Initialize engine version: 2021.3.26f1c1 (19b503b0ef33)
[Subsystems] Discovering subsystems at path C:/Program Files/Unity/Hub/Editor/2021.3.26f1c1/Editor/Data/Resources/UnitySubsystems
[Subsystems] Discovering subsystems at path C:/Users/User2023/Desktop/UnityProject/2D_farm/Assets
GfxDevice: creating device client; threaded=0; jobified=0
Direct3D:
    Version:  Direct3D 11.0 [level 11.0]
    Renderer: NVIDIA GeForce GT 640M (ID=0xfd8)
    Vendor:   NVIDIA
    VRAM:     484 MB
    Driver:   22.21.13.8205
Initialize mono
Mono path[0] = 'C:/Program Files/Unity/Hub/Editor/2021.3.26f1c1/Editor/Data/Managed'
Mono path[1] = 'C:/Program Files/Unity/Hub/Editor/2021.3.26f1c1/Editor/Data/MonoBleedingEdge/lib/mono/unityjit-win32'
Mono config path = 'C:/Program Files/Unity/Hub/Editor/2021.3.26f1c1/Editor/Data/MonoBleedingEdge/etc'
Using monoOptions --debugger-agent=transport=dt_socket,embedding=1,server=y,suspend=n,address=127.0.0.1:56140
Begin MonoManager ReloadAssembly
Registering precompiled unity dll's ...
Register platform support module: C:/Program Files/Unity/Hub/Editor/2021.3.26f1c1/Editor/Data/PlaybackEngines/WindowsStandaloneSupport/UnityEditor.WindowsStandalone.Extensions.dll
Registered in 0.080152 seconds.
Native extension for WindowsStandalone target not found
Refreshing native plugins compatible for Editor in 92.40 ms, found 1 plugins.
Preloading 0 native plugins for Editor in 0.00 ms.
Mono: successfully reloaded assembly
- Completed reload, in  2.267 seconds
Domain Reload Profiling:
	ReloadAssembly (2268ms)
		BeginReloadAssembly (290ms)
			ExecutionOrderSort (0ms)
			DisableScriptedObjects (0ms)
			BackupInstance (0ms)
			ReleaseScriptingObjects (0ms)
			CreateAndSetChildDomain (2ms)
		EndReloadAssembly (1220ms)
			LoadAssemblies (257ms)
			RebuildTransferFunctionScriptingTraits (0ms)
			SetupTypeCache (434ms)
			ReleaseScriptCaches (0ms)
			RebuildScriptCaches (70ms)
			SetupLoadedEditorAssemblies (515ms)
				LogAssemblyErrors (0ms)
				InitializePlatformSupportModulesInManaged (27ms)
				SetLoadedEditorAssemblies (0ms)
				RefreshPlugins (93ms)
				BeforeProcessingInitializeOnLoad (2ms)
				ProcessInitializeOnLoadAttributes (244ms)
				ProcessInitializeOnLoadMethodAttributes (148ms)
				AfterProcessingInitializeOnLoad (0ms)
				EditorAssembliesLoaded (0ms)
			ExecutionOrderSort2 (0ms)
			AwakeInstancesAfterBackupRestoration (0ms)
Platform modules already initialized, skipping
Registering precompiled user dll's ...
Registered in 0.038763 seconds.
Begin MonoManager ReloadAssembly
Native extension for WindowsStandalone target not found
Refreshing native plugins compatible for Editor in 77.21 ms, found 1 plugins.
Preloading 0 native plugins for Editor in 0.00 ms.
Mono: successfully reloaded assembly
- Completed reload, in  4.822 seconds
Domain Reload Profiling:
	ReloadAssembly (4824ms)
		BeginReloadAssembly (787ms)
			ExecutionOrderSort (0ms)
			DisableScriptedObjects (12ms)
			BackupInstance (0ms)
			ReleaseScriptingObjects (0ms)
			CreateAndSetChildDomain (34ms)
		EndReloadAssembly (2556ms)
			LoadAssemblies (767ms)
			RebuildTransferFunctionScriptingTraits (0ms)
			SetupTypeCache (483ms)
			ReleaseScriptCaches (17ms)
			RebuildScriptCaches (234ms)
			SetupLoadedEditorAssemblies (831ms)
				LogAssemblyErrors (0ms)
				InitializePlatformSupportModulesInManaged (19ms)
				SetLoadedEditorAssemblies (0ms)
				RefreshPlugins (77ms)
				BeforeProcessingInitializeOnLoad (240ms)
				ProcessInitializeOnLoadAttributes (304ms)
				ProcessInitializeOnLoadMethodAttributes (87ms)
				AfterProcessingInitializeOnLoad (103ms)
				EditorAssembliesLoaded (0ms)
			ExecutionOrderSort2 (0ms)
			AwakeInstancesAfterBackupRestoration (51ms)
Platform modules already initialized, skipping
========================================================================
Worker process is ready to serve import requests
Launched and connected shader compiler UnityShaderCompiler.exe after 0.17 seconds
Refreshing native plugins compatible for Editor in 1.56 ms, found 1 plugins.
Preloading 0 native plugins for Editor in 0.00 ms.
Unloading 2029 Unused Serialized files (Serialized files now loaded: 0)
Unloading 38 unused Assets / (129.5 KB). Loaded Objects now: 2518.
Memory consumption went from 111.5 MB to 111.4 MB.
Total: 5.899500 ms (FindLiveObjects: 0.501100 ms CreateObjectMapping: 0.429000 ms MarkObjects: 4.821700 ms  DeleteObjects: 0.145700 ms)

AssetImportParameters requested are different than current active one (requested -> active):
  custom:video-decoder-ogg-theora: a1e56fd34408186e4bbccfd4996cb3dc -> 
  custom:container-muxer-webm: aa71ff27fc2769a1b78a27578f13a17b -> 
  custom:container-demuxer-webm: 4f35f7cbe854078d1ac9338744f61a02 -> 
  custom:video-encoder-webm-vp8: eb34c28f22e8b96e1ab97ce403110664 -> 
  custom:audio-encoder-webm-vorbis: bf7c407c2cedff20999df2af8eb42d56 -> 
  custom:framework-win-MediaFoundation: 216162199b28c13a410421893ffa2e32 -> 
  custom:container-demuxer-ogg: 62fdf1f143b41e24485cea50d1cbac27 -> 
  custom:video-decoder-webm-vp8: 9c59270c3fd7afecdb556c50c9e8de78 -> 
  custom:audio-decoder-ogg-vorbis: bf7c407c2cedff20999df2af8eb42d56 -> 
========================================================================
Received Import Request.
  Time since last request: 8009.523990 seconds.
  path: Assets/Scripts/Utillities/DataCollection.cs
  artifactKey: Guid(992916e034a638e4180f372f4762c633) Importer(815301076,1909f56bfc062723c751e8b465ee728b)
Start importing Assets/Scripts/Utillities/DataCollection.cs using Guid(992916e034a638e4180f372f4762c633) Importer(815301076,1909f56bfc062723c751e8b465ee728b)  -> (artifact id: 'e9dc3b97b446092206963cb15686c80b') in 0.417344 seconds 
========================================================================
Received Import Request.
  Time since last request: 19.663790 seconds.
  path: Assets/Scripts/Utillities/DataCollection.cs
  artifactKey: Guid(992916e034a638e4180f372f4762c633) Importer(815301076,1909f56bfc062723c751e8b465ee728b)
Start importing Assets/Scripts/Utillities/DataCollection.cs using Guid(992916e034a638e4180f372f4762c633) Importer(815301076,1909f56bfc062723c751e8b465ee728b)  -> (artifact id: 'fff3f87c833eed2016fed715e75b9f25') in 0.027665 seconds 
========================================================================
Received Prepare
Registering precompiled user dll's ...
Registered in 0.033091 seconds.
Begin MonoManager ReloadAssembly
Native extension for WindowsStandalone target not found
Refreshing native plugins compatible for Editor in 0.84 ms, found 1 plugins.
Preloading 0 native plugins for Editor in 0.00 ms.
Mono: successfully reloaded assembly
- Completed reload, in  2.053 seconds
Domain Reload Profiling:
	ReloadAssembly (2054ms)
		BeginReloadAssembly (348ms)
			ExecutionOrderSort (0ms)
			DisableScriptedObjects (14ms)
			BackupInstance (0ms)
			ReleaseScriptingObjects (0ms)
			CreateAndSetChildDomain (44ms)
		EndReloadAssembly (1413ms)
			LoadAssemblies (271ms)
			RebuildTransferFunctionScriptingTraits (0ms)
			SetupTypeCache (288ms)
			ReleaseScriptCaches (1ms)
			RebuildScriptCaches (80ms)
			SetupLoadedEditorAssemblies (645ms)
				LogAssemblyErrors (0ms)
				InitializePlatformSupportModulesInManaged (20ms)
				SetLoadedEditorAssemblies (1ms)
				RefreshPlugins (1ms)
				BeforeProcessingInitializeOnLoad (207ms)
				ProcessInitializeOnLoadAttributes (266ms)
				ProcessInitializeOnLoadMethodAttributes (67ms)
				AfterProcessingInitializeOnLoad (83ms)
				EditorAssembliesLoaded (0ms)
			ExecutionOrderSort2 (0ms)
			AwakeInstancesAfterBackupRestoration (60ms)
Platform modules already initialized, skipping
Refreshing native plugins compatible for Editor in 5.07 ms, found 1 plugins.
Preloading 0 native plugins for Editor in 0.00 ms.
Unloading 2018 Unused Serialized files (Serialized files now loaded: 0)
Unloading 13 unused Assets / (95.6 KB). Loaded Objects now: 2533.
Memory consumption went from 110.4 MB to 110.3 MB.
Total: 3.867900 ms (FindLiveObjects: 0.205000 ms CreateObjectMapping: 0.094500 ms MarkObjects: 3.523700 ms  DeleteObjects: 0.043100 ms)

AssetImportParameters requested are different than current active one (requested -> active):
  custom:video-decoder-ogg-theora: a1e56fd34408186e4bbccfd4996cb3dc -> 
  custom:container-muxer-webm: aa71ff27fc2769a1b78a27578f13a17b -> 
  custom:container-demuxer-webm: 4f35f7cbe854078d1ac9338744f61a02 -> 
  custom:video-encoder-webm-vp8: eb34c28f22e8b96e1ab97ce403110664 -> 
  custom:audio-encoder-webm-vorbis: bf7c407c2cedff20999df2af8eb42d56 -> 
  custom:framework-win-MediaFoundation: 216162199b28c13a410421893ffa2e32 -> 
  custom:container-demuxer-ogg: 62fdf1f143b41e24485cea50d1cbac27 -> 
  custom:video-decoder-webm-vp8: 9c59270c3fd7afecdb556c50c9e8de78 -> 
  custom:audio-decoder-ogg-vorbis: bf7c407c2cedff20999df2af8eb42d56 -> 
========================================================================
Received Import Request.
  Time since last request: 334.713971 seconds.
  path: Assets/Scripts/Utillities/Enums.cs
  artifactKey: Guid(c15e867c6693a584ca094041ef87db8a) Importer(815301076,1909f56bfc062723c751e8b465ee728b)
Start importing Assets/Scripts/Utillities/Enums.cs using Guid(c15e867c6693a584ca094041ef87db8a) Importer(815301076,1909f56bfc062723c751e8b465ee728b)  -> (artifact id: '67ba4cb4616677ccd2f01bb2f0eb8904') in 0.033151 seconds 
========================================================================
Received Import Request.
  Time since last request: 137.843829 seconds.
  path: Assets/Scripts/Utillities/Enums.cs
  artifactKey: Guid(c15e867c6693a584ca094041ef87db8a) Importer(815301076,1909f56bfc062723c751e8b465ee728b)
Start importing Assets/Scripts/Utillities/Enums.cs using Guid(c15e867c6693a584ca094041ef87db8a) Importer(815301076,1909f56bfc062723c751e8b465ee728b)  -> (artifact id: '64604901d7b94fab80bbaa53936f7af6') in 0.020539 seconds 
========================================================================
Received Prepare
Registering precompiled user dll's ...
Registered in 0.033833 seconds.
Begin MonoManager ReloadAssembly
Native extension for WindowsStandalone target not found
Refreshing native plugins compatible for Editor in 0.73 ms, found 1 plugins.
Preloading 0 native plugins for Editor in 0.00 ms.
Mono: successfully reloaded assembly
- Completed reload, in  2.111 seconds
Domain Reload Profiling:
	ReloadAssembly (2113ms)
		BeginReloadAssembly (372ms)
			ExecutionOrderSort (0ms)
			DisableScriptedObjects (14ms)
			BackupInstance (0ms)
			ReleaseScriptingObjects (0ms)
			CreateAndSetChildDomain (44ms)
		EndReloadAssembly (1433ms)
			LoadAssemblies (291ms)
			RebuildTransferFunctionScriptingTraits (0ms)
			SetupTypeCache (304ms)
			ReleaseScriptCaches (1ms)
			RebuildScriptCaches (80ms)
			SetupLoadedEditorAssemblies (657ms)
				LogAssemblyErrors (0ms)
				InitializePlatformSupportModulesInManaged (22ms)
				SetLoadedEditorAssemblies (1ms)
				RefreshPlugins (1ms)
				BeforeProcessingInitializeOnLoad (206ms)
				ProcessInitializeOnLoadAttributes (274ms)
				ProcessInitializeOnLoadMethodAttributes (68ms)
				AfterProcessingInitializeOnLoad (84ms)
				EditorAssembliesLoaded (0ms)
			ExecutionOrderSort2 (0ms)
			AwakeInstancesAfterBackupRestoration (56ms)
Platform modules already initialized, skipping
Refreshing native plugins compatible for Editor in 5.08 ms, found 1 plugins.
Preloading 0 native plugins for Editor in 0.00 ms.
Unloading 2019 Unused Serialized files (Serialized files now loaded: 0)
Unloading 13 unused Assets / (95.6 KB). Loaded Objects now: 2549.
Memory consumption went from 110.4 MB to 110.3 MB.
Total: 4.050000 ms (FindLiveObjects: 0.202000 ms CreateObjectMapping: 0.095200 ms MarkObjects: 3.707900 ms  DeleteObjects: 0.043300 ms)

AssetImportParameters requested are different than current active one (requested -> active):
  custom:video-decoder-ogg-theora: a1e56fd34408186e4bbccfd4996cb3dc -> 
  custom:container-muxer-webm: aa71ff27fc2769a1b78a27578f13a17b -> 
  custom:container-demuxer-webm: 4f35f7cbe854078d1ac9338744f61a02 -> 
  custom:video-encoder-webm-vp8: eb34c28f22e8b96e1ab97ce403110664 -> 
  custom:audio-encoder-webm-vorbis: bf7c407c2cedff20999df2af8eb42d56 -> 
  custom:framework-win-MediaFoundation: 216162199b28c13a410421893ffa2e32 -> 
  custom:container-demuxer-ogg: 62fdf1f143b41e24485cea50d1cbac27 -> 
  custom:video-decoder-webm-vp8: 9c59270c3fd7afecdb556c50c9e8de78 -> 
  custom:audio-decoder-ogg-vorbis: bf7c407c2cedff20999df2af8eb42d56 -> 
========================================================================
Received Import Request.
  Time since last request: 93.372130 seconds.
  path: Assets/Scripts/Inventory
  artifactKey: Guid(e7c74ea066823d540be90fc2fe619f28) Importer(815301076,1909f56bfc062723c751e8b465ee728b)
Start importing Assets/Scripts/Inventory using Guid(e7c74ea066823d540be90fc2fe619f28) Importer(815301076,1909f56bfc062723c751e8b465ee728b)  -> (artifact id: '03b018c0f1b57f4d68d99389a243d470') in 0.027772 seconds 
========================================================================
Received Prepare
Registering precompiled user dll's ...
Registered in 0.035589 seconds.
Begin MonoManager ReloadAssembly
Native extension for WindowsStandalone target not found
Refreshing native plugins compatible for Editor in 0.72 ms, found 1 plugins.
Preloading 0 native plugins for Editor in 0.00 ms.
Mono: successfully reloaded assembly
- Completed reload, in  2.084 seconds
Domain Reload Profiling:
	ReloadAssembly (2085ms)
		BeginReloadAssembly (355ms)
			ExecutionOrderSort (0ms)
			DisableScriptedObjects (17ms)
			BackupInstance (0ms)
			ReleaseScriptingObjects (0ms)
			CreateAndSetChildDomain (44ms)
		EndReloadAssembly (1428ms)
			LoadAssemblies (277ms)
			RebuildTransferFunctionScriptingTraits (0ms)
			SetupTypeCache (281ms)
			ReleaseScriptCaches (1ms)
			RebuildScriptCaches (78ms)
			SetupLoadedEditorAssemblies (680ms)
				LogAssemblyErrors (0ms)
				InitializePlatformSupportModulesInManaged (22ms)
				SetLoadedEditorAssemblies (1ms)
				RefreshPlugins (1ms)
				BeforeProcessingInitializeOnLoad (225ms)
				ProcessInitializeOnLoadAttributes (280ms)
				ProcessInitializeOnLoadMethodAttributes (66ms)
				AfterProcessingInitializeOnLoad (86ms)
				EditorAssembliesLoaded (0ms)
			ExecutionOrderSort2 (0ms)
			AwakeInstancesAfterBackupRestoration (59ms)
Platform modules already initialized, skipping
Refreshing native plugins compatible for Editor in 5.02 ms, found 1 plugins.
Preloading 0 native plugins for Editor in 0.00 ms.
Unloading 2019 Unused Serialized files (Serialized files now loaded: 0)
Unloading 13 unused Assets / (95.7 KB). Loaded Objects now: 2564.
Memory consumption went from 110.5 MB to 110.4 MB.
Total: 4.322500 ms (FindLiveObjects: 0.207900 ms CreateObjectMapping: 0.432700 ms MarkObjects: 3.635200 ms  DeleteObjects: 0.045100 ms)

AssetImportParameters requested are different than current active one (requested -> active):
  custom:video-decoder-ogg-theora: a1e56fd34408186e4bbccfd4996cb3dc -> 
  custom:container-muxer-webm: aa71ff27fc2769a1b78a27578f13a17b -> 
  custom:container-demuxer-webm: 4f35f7cbe854078d1ac9338744f61a02 -> 
  custom:video-encoder-webm-vp8: eb34c28f22e8b96e1ab97ce403110664 -> 
  custom:audio-encoder-webm-vorbis: bf7c407c2cedff20999df2af8eb42d56 -> 
  custom:framework-win-MediaFoundation: 216162199b28c13a410421893ffa2e32 -> 
  custom:container-demuxer-ogg: 62fdf1f143b41e24485cea50d1cbac27 -> 
  custom:video-decoder-webm-vp8: 9c59270c3fd7afecdb556c50c9e8de78 -> 
  custom:audio-decoder-ogg-vorbis: bf7c407c2cedff20999df2af8eb42d56 -> 
========================================================================
Received Import Request.
  Time since last request: 42.602829 seconds.
  path: Assets/Scripts/Inventory/Data_SO
  artifactKey: Guid(53517548e2cd89f4ebceb751c4a3bfa8) Importer(815301076,1909f56bfc062723c751e8b465ee728b)
Start importing Assets/Scripts/Inventory/Data_SO using Guid(53517548e2cd89f4ebceb751c4a3bfa8) Importer(815301076,1909f56bfc062723c751e8b465ee728b)  -> (artifact id: 'cd60184c418b901c6c3bc2e4dfe6f73e') in 0.023369 seconds 
========================================================================
Received Import Request.
  Time since last request: 146.054939 seconds.
  path: Assets/Scripts/Inventory/Data_SO/ItemDataList_SO.cs
  artifactKey: Guid(8507e324154298f4b9eedbf3906b6080) Importer(815301076,1909f56bfc062723c751e8b465ee728b)
Start importing Assets/Scripts/Inventory/Data_SO/ItemDataList_SO.cs using Guid(8507e324154298f4b9eedbf3906b6080) Importer(815301076,1909f56bfc062723c751e8b465ee728b)  -> (artifact id: '207b63cedfc32275e5688ef7631fdc56') in 0.140989 seconds 
========================================================================
Received Import Request.
  Time since last request: 202.456488 seconds.
  path: Assets/Scripts/Inventory/Data_SO/ItemDataList_SO.cs
  artifactKey: Guid(8507e324154298f4b9eedbf3906b6080) Importer(815301076,1909f56bfc062723c751e8b465ee728b)
Start importing Assets/Scripts/Inventory/Data_SO/ItemDataList_SO.cs using Guid(8507e324154298f4b9eedbf3906b6080) Importer(815301076,1909f56bfc062723c751e8b465ee728b)  -> (artifact id: 'e200b660496093028a4ce18b68076c71') in 0.012687 seconds 
========================================================================
Received Prepare
Registering precompiled user dll's ...
Registered in 0.033971 seconds.
Begin MonoManager ReloadAssembly
Native extension for WindowsStandalone target not found
Refreshing native plugins compatible for Editor in 0.73 ms, found 1 plugins.
Preloading 0 native plugins for Editor in 0.00 ms.
Mono: successfully reloaded assembly
- Completed reload, in  2.219 seconds
Domain Reload Profiling:
	ReloadAssembly (2220ms)
		BeginReloadAssembly (445ms)
			ExecutionOrderSort (0ms)
			DisableScriptedObjects (14ms)
			BackupInstance (0ms)
			ReleaseScriptingObjects (0ms)
			CreateAndSetChildDomain (44ms)
		EndReloadAssembly (1446ms)
			LoadAssemblies (353ms)
			RebuildTransferFunctionScriptingTraits (0ms)
			SetupTypeCache (283ms)
			ReleaseScriptCaches (1ms)
			RebuildScriptCaches (77ms)
			SetupLoadedEditorAssemblies (708ms)
				LogAssemblyErrors (0ms)
				InitializePlatformSupportModulesInManaged (20ms)
				SetLoadedEditorAssemblies (1ms)
				RefreshPlugins (1ms)
				BeforeProcessingInitializeOnLoad (208ms)
				ProcessInitializeOnLoadAttributes (312ms)
				ProcessInitializeOnLoadMethodAttributes (80ms)
				AfterProcessingInitializeOnLoad (85ms)
				EditorAssembliesLoaded (0ms)
			ExecutionOrderSort2 (0ms)
			AwakeInstancesAfterBackupRestoration (54ms)
Platform modules already initialized, skipping
Refreshing native plugins compatible for Editor in 5.09 ms, found 1 plugins.
Preloading 0 native plugins for Editor in 0.00 ms.
Unloading 2020 Unused Serialized files (Serialized files now loaded: 0)
Unloading 13 unused Assets / (95.6 KB). Loaded Objects now: 2580.
Memory consumption went from 110.5 MB to 110.4 MB.
Total: 3.933100 ms (FindLiveObjects: 0.206400 ms CreateObjectMapping: 0.091300 ms MarkObjects: 3.585200 ms  DeleteObjects: 0.048700 ms)

AssetImportParameters requested are different than current active one (requested -> active):
  custom:video-decoder-ogg-theora: a1e56fd34408186e4bbccfd4996cb3dc -> 
  custom:container-muxer-webm: aa71ff27fc2769a1b78a27578f13a17b -> 
  custom:container-demuxer-webm: 4f35f7cbe854078d1ac9338744f61a02 -> 
  custom:video-encoder-webm-vp8: eb34c28f22e8b96e1ab97ce403110664 -> 
  custom:audio-encoder-webm-vorbis: bf7c407c2cedff20999df2af8eb42d56 -> 
  custom:framework-win-MediaFoundation: 216162199b28c13a410421893ffa2e32 -> 
  custom:container-demuxer-ogg: 62fdf1f143b41e24485cea50d1cbac27 -> 
  custom:video-decoder-webm-vp8: 9c59270c3fd7afecdb556c50c9e8de78 -> 
  custom:audio-decoder-ogg-vorbis: bf7c407c2cedff20999df2af8eb42d56 -> 
========================================================================
Received Import Request.
  Time since last request: 46.519661 seconds.
  path: Assets/Scripts/Inventory/Data_SO/ItemDataList_SO.cs
  artifactKey: Guid(8507e324154298f4b9eedbf3906b6080) Importer(815301076,1909f56bfc062723c751e8b465ee728b)
Start importing Assets/Scripts/Inventory/Data_SO/ItemDataList_SO.cs using Guid(8507e324154298f4b9eedbf3906b6080) Importer(815301076,1909f56bfc062723c751e8b465ee728b)  -> (artifact id: '76e11675e149459c6df18d7c772075b7') in 0.016851 seconds 
========================================================================
Received Prepare
Registering precompiled user dll's ...
Registered in 0.276464 seconds.
Begin MonoManager ReloadAssembly
Native extension for WindowsStandalone target not found
Refreshing native plugins compatible for Editor in 0.89 ms, found 1 plugins.
Preloading 0 native plugins for Editor in 0.00 ms.
Mono: successfully reloaded assembly
- Completed reload, in  3.035 seconds
Domain Reload Profiling:
	ReloadAssembly (3036ms)
		BeginReloadAssembly (432ms)
			ExecutionOrderSort (0ms)
			DisableScriptedObjects (17ms)
			BackupInstance (0ms)
			ReleaseScriptingObjects (0ms)
			CreateAndSetChildDomain (52ms)
		EndReloadAssembly (2089ms)
			LoadAssemblies (338ms)
			RebuildTransferFunctionScriptingTraits (0ms)
			SetupTypeCache (408ms)
			ReleaseScriptCaches (2ms)
			RebuildScriptCaches (164ms)
			SetupLoadedEditorAssemblies (975ms)
				LogAssemblyErrors (0ms)
				InitializePlatformSupportModulesInManaged (28ms)
				SetLoadedEditorAssemblies (1ms)
				RefreshPlugins (1ms)
				BeforeProcessingInitializeOnLoad (294ms)
				ProcessInitializeOnLoadAttributes (443ms)
				ProcessInitializeOnLoadMethodAttributes (91ms)
				AfterProcessingInitializeOnLoad (116ms)
				EditorAssembliesLoaded (0ms)
			ExecutionOrderSort2 (0ms)
			AwakeInstancesAfterBackupRestoration (77ms)
Platform modules already initialized, skipping
Refreshing native plugins compatible for Editor in 9.46 ms, found 1 plugins.
Preloading 0 native plugins for Editor in 0.00 ms.
Unloading 2020 Unused Serialized files (Serialized files now loaded: 0)
Unloading 13 unused Assets / (95.5 KB). Loaded Objects now: 2595.
Memory consumption went from 110.5 MB to 110.4 MB.
Total: 4.410800 ms (FindLiveObjects: 0.220100 ms CreateObjectMapping: 0.099400 ms MarkObjects: 4.037300 ms  DeleteObjects: 0.051800 ms)

AssetImportParameters requested are different than current active one (requested -> active):
  custom:video-decoder-ogg-theora: a1e56fd34408186e4bbccfd4996cb3dc -> 
  custom:container-muxer-webm: aa71ff27fc2769a1b78a27578f13a17b -> 
  custom:container-demuxer-webm: 4f35f7cbe854078d1ac9338744f61a02 -> 
  custom:video-encoder-webm-vp8: eb34c28f22e8b96e1ab97ce403110664 -> 
  custom:audio-encoder-webm-vorbis: bf7c407c2cedff20999df2af8eb42d56 -> 
  custom:framework-win-MediaFoundation: 216162199b28c13a410421893ffa2e32 -> 
  custom:container-demuxer-ogg: 62fdf1f143b41e24485cea50d1cbac27 -> 
  custom:video-decoder-webm-vp8: 9c59270c3fd7afecdb556c50c9e8de78 -> 
  custom:audio-decoder-ogg-vorbis: bf7c407c2cedff20999df2af8eb42d56 -> 
========================================================================
Received Prepare
Registering precompiled user dll's ...
Registered in 0.060830 seconds.
Begin MonoManager ReloadAssembly
Native extension for WindowsStandalone target not found
Refreshing native plugins compatible for Editor in 1.33 ms, found 1 plugins.
Preloading 0 native plugins for Editor in 0.00 ms.
Mono: successfully reloaded assembly
- Completed reload, in  2.287 seconds
Domain Reload Profiling:
	ReloadAssembly (2289ms)
		BeginReloadAssembly (370ms)
			ExecutionOrderSort (0ms)
			DisableScriptedObjects (16ms)
			BackupInstance (0ms)
			ReleaseScriptingObjects (0ms)
			CreateAndSetChildDomain (46ms)
		EndReloadAssembly (1572ms)
			LoadAssemblies (295ms)
			RebuildTransferFunctionScriptingTraits (0ms)
			SetupTypeCache (300ms)
			ReleaseScriptCaches (1ms)
			RebuildScriptCaches (75ms)
			SetupLoadedEditorAssemblies (755ms)
				LogAssemblyErrors (0ms)
				InitializePlatformSupportModulesInManaged (72ms)
				SetLoadedEditorAssemblies (1ms)
				RefreshPlugins (2ms)
				BeforeProcessingInitializeOnLoad (231ms)
				ProcessInitializeOnLoadAttributes (295ms)
				ProcessInitializeOnLoadMethodAttributes (70ms)
				AfterProcessingInitializeOnLoad (84ms)
				EditorAssembliesLoaded (0ms)
			ExecutionOrderSort2 (0ms)
			AwakeInstancesAfterBackupRestoration (58ms)
Platform modules already initialized, skipping
Refreshing native plugins compatible for Editor in 5.38 ms, found 1 plugins.
Preloading 0 native plugins for Editor in 0.00 ms.
Unloading 2020 Unused Serialized files (Serialized files now loaded: 0)
Unloading 13 unused Assets / (95.6 KB). Loaded Objects now: 2610.
Memory consumption went from 110.5 MB to 110.4 MB.
Total: 4.786500 ms (FindLiveObjects: 0.212300 ms CreateObjectMapping: 0.096800 ms MarkObjects: 4.428100 ms  DeleteObjects: 0.047300 ms)

AssetImportParameters requested are different than current active one (requested -> active):
  custom:video-decoder-ogg-theora: a1e56fd34408186e4bbccfd4996cb3dc -> 
  custom:container-muxer-webm: aa71ff27fc2769a1b78a27578f13a17b -> 
  custom:container-demuxer-webm: 4f35f7cbe854078d1ac9338744f61a02 -> 
  custom:video-encoder-webm-vp8: eb34c28f22e8b96e1ab97ce403110664 -> 
  custom:audio-encoder-webm-vorbis: bf7c407c2cedff20999df2af8eb42d56 -> 
  custom:framework-win-MediaFoundation: 216162199b28c13a410421893ffa2e32 -> 
  custom:container-demuxer-ogg: 62fdf1f143b41e24485cea50d1cbac27 -> 
  custom:video-decoder-webm-vp8: 9c59270c3fd7afecdb556c50c9e8de78 -> 
  custom:audio-decoder-ogg-vorbis: bf7c407c2cedff20999df2af8eb42d56 -> 
========================================================================
Received Import Request.
  Time since last request: 61.313802 seconds.
  path: Assets
  artifactKey: Guid(00000000000000001000000000000000) Importer(815301076,1909f56bfc062723c751e8b465ee728b)
Start importing Assets using Guid(00000000000000001000000000000000) Importer(815301076,1909f56bfc062723c751e8b465ee728b)  -> (artifact id: '79842766b460edbeab6a34051e857a80') in 0.019955 seconds 
========================================================================
Received Import Request.
  Time since last request: 0.000039 seconds.
  path: Assets/Scripts/Inventory/Data_SO/ItemDataList_SO.cs
  artifactKey: Guid(8507e324154298f4b9eedbf3906b6080) Importer(815301076,1909f56bfc062723c751e8b465ee728b)
Start importing Assets/Scripts/Inventory/Data_SO/ItemDataList_SO.cs using Guid(8507e324154298f4b9eedbf3906b6080) Importer(815301076,1909f56bfc062723c751e8b465ee728b)  -> (artifact id: 'cf460cb7bd292f9d21da88a8d6b0f873') in 0.019345 seconds 
========================================================================
Received Import Request.
  Time since last request: 8.807682 seconds.
  path: Assets/GameData
  artifactKey: Guid(fcd9de066d68d5944aa6dfbd46a49b89) Importer(815301076,1909f56bfc062723c751e8b465ee728b)
Start importing Assets/GameData using Guid(fcd9de066d68d5944aa6dfbd46a49b89) Importer(815301076,1909f56bfc062723c751e8b465ee728b)  -> (artifact id: 'b7bd324af0048c1bf20f2a017a2e9aaa') in 0.034328 seconds 
========================================================================
Received Import Request.
  Time since last request: 9.240625 seconds.
  path: Assets/GameData/Inventory
  artifactKey: Guid(7530f7682facda349a9da915907f2eee) Importer(815301076,1909f56bfc062723c751e8b465ee728b)
Start importing Assets/GameData/Inventory using Guid(7530f7682facda349a9da915907f2eee) Importer(815301076,1909f56bfc062723c751e8b465ee728b)  -> (artifact id: 'b9192be5b17866aea5e56f1c77737a47') in 0.012952 seconds 
========================================================================
Received Import Request.
  Time since last request: 30.552290 seconds.
  path: Assets/GameData/Inventory/ItemDataList_SO.asset
  artifactKey: Guid(07c043a506914ff4dbd955b7ca849ab2) Importer(815301076,1909f56bfc062723c751e8b465ee728b)
Start importing Assets/GameData/Inventory/ItemDataList_SO.asset using Guid(07c043a506914ff4dbd955b7ca849ab2) Importer(815301076,1909f56bfc062723c751e8b465ee728b)  -> (artifact id: '0a89d4466c667f39f4111632a3573e6e') in 0.064652 seconds 
========================================================================
Received Import Request.
  Time since last request: 28.602823 seconds.
  path: Assets/M Studio/Art/Items/Icons/icon_Basket.png
  artifactKey: Guid(21f88cda6c810402583055801e6a2c73) Importer(815301076,1909f56bfc062723c751e8b465ee728b)
Start importing Assets/M Studio/Art/Items/Icons/icon_Basket.png using Guid(21f88cda6c810402583055801e6a2c73) Importer(815301076,1909f56bfc062723c751e8b465ee728b)  -> (artifact id: '2c5a89826bf63409f47713aa0ca5365c') in 0.197233 seconds 
========================================================================
Received Import Request.
  Time since last request: 0.000025 seconds.
  path: Assets/M Studio/Art/Items/Icons/icon_Grape.png
  artifactKey: Guid(567730b76d77440f09c9bb6adee6040f) Importer(815301076,1909f56bfc062723c751e8b465ee728b)
Start importing Assets/M Studio/Art/Items/Icons/icon_Grape.png using Guid(567730b76d77440f09c9bb6adee6040f) Importer(815301076,1909f56bfc062723c751e8b465ee728b)  -> (artifact id: '9dbd18e2bd2860c0cb23cfa1d55c2411') in 0.080068 seconds 
========================================================================
Received Import Request.
  Time since last request: 0.000036 seconds.
  path: Assets/M Studio/Art/Items/Icons/icon_M.png
  artifactKey: Guid(ef065fb65f97e43f8b673d7718f87178) Importer(815301076,1909f56bfc062723c751e8b465ee728b)
Start importing Assets/M Studio/Art/Items/Icons/icon_M.png using Guid(ef065fb65f97e43f8b673d7718f87178) Importer(815301076,1909f56bfc062723c751e8b465ee728b)  -> (artifact id: 'bb7400b8deb5b759be3e6b7b555b0ae2') in 0.060132 seconds 
========================================================================
Received Import Request.
  Time since last request: 0.000047 seconds.
  path: Assets/M Studio/Art/Items/Icons/icon_Potato.png
  artifactKey: Guid(59a2ce6cc735e4cd3a3da1bad8629303) Importer(815301076,1909f56bfc062723c751e8b465ee728b)
Start importing Assets/M Studio/Art/Items/Icons/icon_Potato.png using Guid(59a2ce6cc735e4cd3a3da1bad8629303) Importer(815301076,1909f56bfc062723c751e8b465ee728b)  -> (artifact id: '28dc430f671f401a4aa37c5db0628961') in 0.056808 seconds 
========================================================================
Received Import Request.
  Time since last request: 0.000031 seconds.
  path: Assets/M Studio/Art/Items/Icons/icon_Grass.png
  artifactKey: Guid(e457a28d7c05742a6bcb044458883809) Importer(815301076,1909f56bfc062723c751e8b465ee728b)
Start importing Assets/M Studio/Art/Items/Icons/icon_Grass.png using Guid(e457a28d7c05742a6bcb044458883809) Importer(815301076,1909f56bfc062723c751e8b465ee728b)  -> (artifact id: '3c49869a034f4585d8e111e6c2305edb') in 0.049015 seconds 
========================================================================
Received Import Request.
  Time since last request: 0.000033 seconds.
  path: Assets/M Studio/Art/Items/Icons/icon_TurnipSeed.png
  artifactKey: Guid(0689ebc0f067f41fa98586e5b574896f) Importer(815301076,1909f56bfc062723c751e8b465ee728b)
Start importing Assets/M Studio/Art/Items/Icons/icon_TurnipSeed.png using Guid(0689ebc0f067f41fa98586e5b574896f) Importer(815301076,1909f56bfc062723c751e8b465ee728b)  -> (artifact id: 'e55d9a39894277581a8aa6c955863283') in 0.045155 seconds 
========================================================================
Received Import Request.
  Time since last request: 0.000030 seconds.
  path: Assets/M Studio/Art/Items/Icons/icon_BroadleafWood.png
  artifactKey: Guid(6bdcabcb3e8684660981c3dbfa135c8d) Importer(815301076,1909f56bfc062723c751e8b465ee728b)
Start importing Assets/M Studio/Art/Items/Icons/icon_BroadleafWood.png using Guid(6bdcabcb3e8684660981c3dbfa135c8d) Importer(815301076,1909f56bfc062723c751e8b465ee728b)  -> (artifact id: '314741a30860459222013fedbbe57a7c') in 0.056271 seconds 
========================================================================
Received Import Request.
  Time since last request: 0.000037 seconds.
  path: Assets/M Studio/Art/Items/Icons/icon_PinkRadish.png
  artifactKey: Guid(3fa10b9ef4ceb407f953f7783c0c5ee4) Importer(815301076,1909f56bfc062723c751e8b465ee728b)
Start importing Assets/M Studio/Art/Items/Icons/icon_PinkRadish.png using Guid(3fa10b9ef4ceb407f953f7783c0c5ee4) Importer(815301076,1909f56bfc062723c751e8b465ee728b)  -> (artifact id: 'efb666c3a7483a7bd1be9ac42b04e4f0') in 0.046488 seconds 
========================================================================
Received Import Request.
  Time since last request: 0.000046 seconds.
  path: Assets/M Studio/Art/Items/Icons/icon_Chop.png
  artifactKey: Guid(3714c3e6b5e3d498ebcd06d432b3dd89) Importer(815301076,1909f56bfc062723c751e8b465ee728b)
Start importing Assets/M Studio/Art/Items/Icons/icon_Chop.png using Guid(3714c3e6b5e3d498ebcd06d432b3dd89) Importer(815301076,1909f56bfc062723c751e8b465ee728b)  -> (artifact id: '44e0ee066449d0194df0c22f5a952471') in 0.049065 seconds 
========================================================================
Received Import Request.
  Time since last request: 0.000029 seconds.
  path: Assets/M Studio/Art/Items/Icons/icon_Chair.png
  artifactKey: Guid(35f35fec54071471ea798838348d5913) Importer(815301076,1909f56bfc062723c751e8b465ee728b)
Start importing Assets/M Studio/Art/Items/Icons/icon_Chair.png using Guid(35f35fec54071471ea798838348d5913) Importer(815301076,1909f56bfc062723c751e8b465ee728b)  -> (artifact id: 'ec44e2bdef3d6e01ed15685fbe195cac') in 0.052458 seconds 
========================================================================
Received Import Request.
  Time since last request: 0.000034 seconds.
  path: Assets/M Studio/Art/Items/Icons/icon_Game.png
  artifactKey: Guid(64d6efac46c1d450bbcb0f49d098bea2) Importer(815301076,1909f56bfc062723c751e8b465ee728b)
Start importing Assets/M Studio/Art/Items/Icons/icon_Game.png using Guid(64d6efac46c1d450bbcb0f49d098bea2) Importer(815301076,1909f56bfc062723c751e8b465ee728b)  -> (artifact id: '79b1d2775dbb4217c42d78e343287763') in 0.056689 seconds 
========================================================================
Received Import Request.
  Time since last request: 0.000029 seconds.
  path: Assets/M Studio/Art/Items/Icons/icon_Hoe.png
  artifactKey: Guid(71ca9227166f34790bb8b1c7948d491f) Importer(815301076,1909f56bfc062723c751e8b465ee728b)
Start importing Assets/M Studio/Art/Items/Icons/icon_Hoe.png using Guid(71ca9227166f34790bb8b1c7948d491f) Importer(815301076,1909f56bfc062723c751e8b465ee728b)  -> (artifact id: '18775d1a5f46116270e96972a0db90b8') in 0.044912 seconds 
========================================================================
Received Import Request.
  Time since last request: 0.000038 seconds.
  path: Assets/M Studio/Art/Items/New Plant/icon_RedpapperSeed.png
  artifactKey: Guid(967cc7f8afb724dd0915a57883580633) Importer(815301076,1909f56bfc062723c751e8b465ee728b)
Start importing Assets/M Studio/Art/Items/New Plant/icon_RedpapperSeed.png using Guid(967cc7f8afb724dd0915a57883580633) Importer(815301076,1909f56bfc062723c751e8b465ee728b)  -> (artifact id: '1f34717adbf8dcffbfde48d1c23c7adc') in 0.052298 seconds 
========================================================================
Received Import Request.
  Time since last request: 0.000046 seconds.
  path: Assets/M Studio/Art/Items/Icons/icon_Rock.png
  artifactKey: Guid(0d1bd60a4df28461a802344fdf5d9478) Importer(815301076,1909f56bfc062723c751e8b465ee728b)
Start importing Assets/M Studio/Art/Items/Icons/icon_Rock.png using Guid(0d1bd60a4df28461a802344fdf5d9478) Importer(815301076,1909f56bfc062723c751e8b465ee728b)  -> (artifact id: 'a28fcd93b74ae9cf2899dca8666cfb50') in 0.084228 seconds 
========================================================================
Received Import Request.
  Time since last request: 0.000028 seconds.
  path: Assets/M Studio/Art/Items/Icons/icon_PotatoSeed.png
  artifactKey: Guid(f140b8cf7b2cb44c5bf34bb9bb3292f4) Importer(815301076,1909f56bfc062723c751e8b465ee728b)
Start importing Assets/M Studio/Art/Items/Icons/icon_PotatoSeed.png using Guid(f140b8cf7b2cb44c5bf34bb9bb3292f4) Importer(815301076,1909f56bfc062723c751e8b465ee728b)  -> (artifact id: '757d8467888c62d78f103c290c91d753') in 0.105623 seconds 
========================================================================
Received Import Request.
  Time since last request: 0.000042 seconds.
  path: Assets/M Studio/Art/Items/New Plant/icon_TomatoSeed.png
  artifactKey: Guid(cfbba8cf50d164f2182e614389427136) Importer(815301076,1909f56bfc062723c751e8b465ee728b)
Start importing Assets/M Studio/Art/Items/New Plant/icon_TomatoSeed.png using Guid(cfbba8cf50d164f2182e614389427136) Importer(815301076,1909f56bfc062723c751e8b465ee728b)  -> (artifact id: '815ac749cdbce9c7589c6b4706a881bc') in 0.065774 seconds 
========================================================================
Received Import Request.
  Time since last request: 17.305675 seconds.
  path: Assets/GameData/Inventory/ItemDataList_SO.asset
  artifactKey: Guid(07c043a506914ff4dbd955b7ca849ab2) Importer(815301076,1909f56bfc062723c751e8b465ee728b)
Start importing Assets/GameData/Inventory/ItemDataList_SO.asset using Guid(07c043a506914ff4dbd955b7ca849ab2) Importer(815301076,1909f56bfc062723c751e8b465ee728b)  -> (artifact id: 'c107522c131e2cf445410c6252c6b26e') in 0.037589 seconds 
========================================================================
Received Import Request.
  Time since last request: 16756.794510 seconds.
  path: Assets/Editor
  artifactKey: Guid(d3b2d769801b30140883e808405e1e01) Importer(815301076,1909f56bfc062723c751e8b465ee728b)
Start importing Assets/Editor using Guid(d3b2d769801b30140883e808405e1e01) Importer(815301076,1909f56bfc062723c751e8b465ee728b)  -> (artifact id: '4a03c6507dd7600221b0b6b1105ba9ec') in 0.021123 seconds 
========================================================================
Received Import Request.
  Time since last request: 35.011882 seconds.
  path: Assets/Editor/UI Builder
  artifactKey: Guid(c0aee73c1bfed8541932a0c134335ae2) Importer(815301076,1909f56bfc062723c751e8b465ee728b)
Start importing Assets/Editor/UI Builder using Guid(c0aee73c1bfed8541932a0c134335ae2) Importer(815301076,1909f56bfc062723c751e8b465ee728b)  -> (artifact id: '57604bcfa3dc984e8effe346e46b258f') in 0.026581 seconds 
========================================================================
Received Prepare
Registering precompiled user dll's ...
Registered in 0.063688 seconds.
Begin MonoManager ReloadAssembly
Native extension for WindowsStandalone target not found
Refreshing native plugins compatible for Editor in 0.80 ms, found 1 plugins.
Preloading 0 native plugins for Editor in 0.00 ms.
Mono: successfully reloaded assembly
- Completed reload, in  2.704 seconds
Domain Reload Profiling:
	ReloadAssembly (2705ms)
		BeginReloadAssembly (515ms)
			ExecutionOrderSort (0ms)
			DisableScriptedObjects (18ms)
			BackupInstance (0ms)
			ReleaseScriptingObjects (0ms)
			CreateAndSetChildDomain (77ms)
		EndReloadAssembly (1779ms)
			LoadAssemblies (386ms)
			RebuildTransferFunctionScriptingTraits (0ms)
			SetupTypeCache (420ms)
			ReleaseScriptCaches (3ms)
			RebuildScriptCaches (92ms)
			SetupLoadedEditorAssemblies (787ms)
				LogAssemblyErrors (0ms)
				InitializePlatformSupportModulesInManaged (27ms)
				SetLoadedEditorAssemblies (1ms)
				RefreshPlugins (1ms)
				BeforeProcessingInitializeOnLoad (232ms)
				ProcessInitializeOnLoadAttributes (358ms)
				ProcessInitializeOnLoadMethodAttributes (73ms)
				AfterProcessingInitializeOnLoad (94ms)
				EditorAssembliesLoaded (0ms)
			ExecutionOrderSort2 (0ms)
			AwakeInstancesAfterBackupRestoration (58ms)
Platform modules already initialized, skipping
Refreshing native plugins compatible for Editor in 12.67 ms, found 1 plugins.
Preloading 0 native plugins for Editor in 0.00 ms.
Unloading 2021 Unused Serialized files (Serialized files now loaded: 0)
Unloading 13 unused Assets / (95.6 KB). Loaded Objects now: 2638.
Memory consumption went from 114.4 MB to 114.3 MB.
Total: 4.554100 ms (FindLiveObjects: 0.221300 ms CreateObjectMapping: 0.096400 ms MarkObjects: 4.182600 ms  DeleteObjects: 0.051800 ms)

AssetImportParameters requested are different than current active one (requested -> active):
  custom:video-decoder-ogg-theora: a1e56fd34408186e4bbccfd4996cb3dc -> 
  custom:container-muxer-webm: aa71ff27fc2769a1b78a27578f13a17b -> 
  custom:container-demuxer-webm: 4f35f7cbe854078d1ac9338744f61a02 -> 
  custom:video-encoder-webm-vp8: eb34c28f22e8b96e1ab97ce403110664 -> 
  custom:audio-encoder-webm-vorbis: bf7c407c2cedff20999df2af8eb42d56 -> 
  custom:framework-win-MediaFoundation: 216162199b28c13a410421893ffa2e32 -> 
  custom:container-demuxer-ogg: 62fdf1f143b41e24485cea50d1cbac27 -> 
  custom:video-decoder-webm-vp8: 9c59270c3fd7afecdb556c50c9e8de78 -> 
  custom:audio-decoder-ogg-vorbis: bf7c407c2cedff20999df2af8eb42d56 -> 
========================================================================
Received Import Request.
  Time since last request: 290.237309 seconds.
  path: Assets/Editor/UI Builder/ItemEditor.cs
  artifactKey: Guid(3222543e0cf716c4e8d4c6410167d898) Importer(815301076,1909f56bfc062723c751e8b465ee728b)
Start importing Assets/Editor/UI Builder/ItemEditor.cs using Guid(3222543e0cf716c4e8d4c6410167d898) Importer(815301076,1909f56bfc062723c751e8b465ee728b)  -> (artifact id: 'd7f3c6e5f49afb8ae77c597c56e0b3ca') in 0.021313 seconds 
========================================================================
Received Import Request.
  Time since last request: 205.013576 seconds.
  path: Assets/Editor/UI Builder/ItemEditor.cs
  artifactKey: Guid(3222543e0cf716c4e8d4c6410167d898) Importer(815301076,1909f56bfc062723c751e8b465ee728b)
Start importing Assets/Editor/UI Builder/ItemEditor.cs using Guid(3222543e0cf716c4e8d4c6410167d898) Importer(815301076,1909f56bfc062723c751e8b465ee728b)  -> (artifact id: '8b7bfcf2947974fb0de1459277afde4f') in 0.014797 seconds 
========================================================================
Received Prepare
Registering precompiled user dll's ...
Registered in 0.037206 seconds.
Begin MonoManager ReloadAssembly
Native extension for WindowsStandalone target not found
Refreshing native plugins compatible for Editor in 0.71 ms, found 1 plugins.
Preloading 0 native plugins for Editor in 0.00 ms.
Mono: successfully reloaded assembly
- Completed reload, in  2.354 seconds
Domain Reload Profiling:
	ReloadAssembly (2355ms)
		BeginReloadAssembly (367ms)
			ExecutionOrderSort (0ms)
			DisableScriptedObjects (15ms)
			BackupInstance (0ms)
			ReleaseScriptingObjects (0ms)
			CreateAndSetChildDomain (45ms)
		EndReloadAssembly (1668ms)
			LoadAssemblies (295ms)
			RebuildTransferFunctionScriptingTraits (0ms)
			SetupTypeCache (279ms)
			ReleaseScriptCaches (1ms)
			RebuildScriptCaches (92ms)
			SetupLoadedEditorAssemblies (890ms)
				LogAssemblyErrors (0ms)
				InitializePlatformSupportModulesInManaged (21ms)
				SetLoadedEditorAssemblies (1ms)
				RefreshPlugins (1ms)
				BeforeProcessingInitializeOnLoad (325ms)
				ProcessInitializeOnLoadAttributes (391ms)
				ProcessInitializeOnLoadMethodAttributes (68ms)
				AfterProcessingInitializeOnLoad (83ms)
				EditorAssembliesLoaded (0ms)
			ExecutionOrderSort2 (0ms)
			AwakeInstancesAfterBackupRestoration (56ms)
Platform modules already initialized, skipping
Refreshing native plugins compatible for Editor in 5.05 ms, found 1 plugins.
Preloading 0 native plugins for Editor in 0.00 ms.
Unloading 2021 Unused Serialized files (Serialized files now loaded: 0)
Unloading 13 unused Assets / (95.6 KB). Loaded Objects now: 2653.
Memory consumption went from 114.4 MB to 114.3 MB.
Total: 3.977300 ms (FindLiveObjects: 0.220300 ms CreateObjectMapping: 0.099800 ms MarkObjects: 3.611200 ms  DeleteObjects: 0.044400 ms)

AssetImportParameters requested are different than current active one (requested -> active):
  custom:video-decoder-ogg-theora: a1e56fd34408186e4bbccfd4996cb3dc -> 
  custom:container-muxer-webm: aa71ff27fc2769a1b78a27578f13a17b -> 
  custom:container-demuxer-webm: 4f35f7cbe854078d1ac9338744f61a02 -> 
  custom:video-encoder-webm-vp8: eb34c28f22e8b96e1ab97ce403110664 -> 
  custom:audio-encoder-webm-vorbis: bf7c407c2cedff20999df2af8eb42d56 -> 
  custom:framework-win-MediaFoundation: 216162199b28c13a410421893ffa2e32 -> 
  custom:container-demuxer-ogg: 62fdf1f143b41e24485cea50d1cbac27 -> 
  custom:video-decoder-webm-vp8: 9c59270c3fd7afecdb556c50c9e8de78 -> 
  custom:audio-decoder-ogg-vorbis: bf7c407c2cedff20999df2af8eb42d56 -> 
========================================================================
Received Import Request.
  Time since last request: 13.397189 seconds.
  path: Assets/Editor/UI Builder/ItemEditor.uxml
  artifactKey: Guid(61e57bbef185a1649b92f4c3db5d149e) Importer(815301076,1909f56bfc062723c751e8b465ee728b)
Start importing Assets/Editor/UI Builder/ItemEditor.uxml using Guid(61e57bbef185a1649b92f4c3db5d149e) Importer(815301076,1909f56bfc062723c751e8b465ee728b)  -> (artifact id: 'a7c49037ebb4ad91f4f526426f50a0da') in 0.052327 seconds 
========================================================================
Received Import Request.
  Time since last request: 297.092539 seconds.
  path: Assets/Editor/UI Builder/ItemEditor.uxml
  artifactKey: Guid(61e57bbef185a1649b92f4c3db5d149e) Importer(815301076,1909f56bfc062723c751e8b465ee728b)
Start importing Assets/Editor/UI Builder/ItemEditor.uxml using Guid(61e57bbef185a1649b92f4c3db5d149e) Importer(815301076,1909f56bfc062723c751e8b465ee728b)  -> (artifact id: '3ccb312f38ccd4193f533c5543198c2b') in 0.017008 seconds 
========================================================================
Received Import Request.
  Time since last request: 598.505704 seconds.
  path: Assets/Editor/UI Builder/ItemEditor.uxml
  artifactKey: Guid(61e57bbef185a1649b92f4c3db5d149e) Importer(815301076,1909f56bfc062723c751e8b465ee728b)
Start importing Assets/Editor/UI Builder/ItemEditor.uxml using Guid(61e57bbef185a1649b92f4c3db5d149e) Importer(815301076,1909f56bfc062723c751e8b465ee728b)  -> (artifact id: '30d9e02a721df26e761d8c242ff5e2a9') in 0.016974 seconds 
========================================================================
Received Import Request.
  Time since last request: 952.091231 seconds.
  path: Assets/Editor/UI Builder/ItemEditor.uxml
  artifactKey: Guid(61e57bbef185a1649b92f4c3db5d149e) Importer(815301076,1909f56bfc062723c751e8b465ee728b)
Start importing Assets/Editor/UI Builder/ItemEditor.uxml using Guid(61e57bbef185a1649b92f4c3db5d149e) Importer(815301076,1909f56bfc062723c751e8b465ee728b)  -> (artifact id: '1e1cc537e53505e8803d93847575cd62') in 0.018202 seconds 
========================================================================
Received Import Request.
  Time since last request: 85.970153 seconds.
  path: Assets/Editor/UI Builder/ItemEditor.uxml
  artifactKey: Guid(61e57bbef185a1649b92f4c3db5d149e) Importer(815301076,1909f56bfc062723c751e8b465ee728b)
Start importing Assets/Editor/UI Builder/ItemEditor.uxml using Guid(61e57bbef185a1649b92f4c3db5d149e) Importer(815301076,1909f56bfc062723c751e8b465ee728b)  -> (artifact id: 'b7e96f883471bfbb56a8e55da501735b') in 0.033805 seconds 
========================================================================
Received Import Request.
  Time since last request: 15.377662 seconds.
  path: Assets/Editor/UI Builder/ItemEditor.uxml
  artifactKey: Guid(61e57bbef185a1649b92f4c3db5d149e) Importer(815301076,1909f56bfc062723c751e8b465ee728b)
Start importing Assets/Editor/UI Builder/ItemEditor.uxml using Guid(61e57bbef185a1649b92f4c3db5d149e) Importer(815301076,1909f56bfc062723c751e8b465ee728b)  -> (artifact id: 'e990b90e677f6875ec65f998052ff43f') in 0.022602 seconds 
========================================================================
Received Prepare
Registering precompiled user dll's ...
Registered in 0.074520 seconds.
Begin MonoManager ReloadAssembly
Native extension for WindowsStandalone target not found
Refreshing native plugins compatible for Editor in 0.70 ms, found 1 plugins.
Preloading 0 native plugins for Editor in 0.00 ms.
Mono: successfully reloaded assembly
- Completed reload, in  5.385 seconds
Domain Reload Profiling:
	ReloadAssembly (5387ms)
		BeginReloadAssembly (1242ms)
			ExecutionOrderSort (0ms)
			DisableScriptedObjects (23ms)
			BackupInstance (0ms)
			ReleaseScriptingObjects (0ms)
			CreateAndSetChildDomain (72ms)
		EndReloadAssembly (2972ms)
			LoadAssemblies (1190ms)
			RebuildTransferFunctionScriptingTraits (0ms)
			SetupTypeCache (524ms)
			ReleaseScriptCaches (1ms)
			RebuildScriptCaches (132ms)
			SetupLoadedEditorAssemblies (1284ms)
				LogAssemblyErrors (0ms)
				InitializePlatformSupportModulesInManaged (115ms)
				SetLoadedEditorAssemblies (1ms)
				RefreshPlugins (1ms)
				BeforeProcessingInitializeOnLoad (665ms)
				ProcessInitializeOnLoadAttributes (327ms)
				ProcessInitializeOnLoadMethodAttributes (72ms)
				AfterProcessingInitializeOnLoad (102ms)
				EditorAssembliesLoaded (0ms)
			ExecutionOrderSort2 (0ms)
			AwakeInstancesAfterBackupRestoration (56ms)
Platform modules already initialized, skipping
Refreshing native plugins compatible for Editor in 10.98 ms, found 1 plugins.
Preloading 0 native plugins for Editor in 0.00 ms.
Unloading 2021 Unused Serialized files (Serialized files now loaded: 0)
Unloading 13 unused Assets / (95.5 KB). Loaded Objects now: 2668.
Memory consumption went from 114.4 MB to 114.4 MB.
Total: 3.997500 ms (FindLiveObjects: 0.222600 ms CreateObjectMapping: 0.098900 ms MarkObjects: 3.626900 ms  DeleteObjects: 0.046800 ms)

AssetImportParameters requested are different than current active one (requested -> active):
  custom:video-decoder-ogg-theora: a1e56fd34408186e4bbccfd4996cb3dc -> 
  custom:container-muxer-webm: aa71ff27fc2769a1b78a27578f13a17b -> 
  custom:container-demuxer-webm: 4f35f7cbe854078d1ac9338744f61a02 -> 
  custom:video-encoder-webm-vp8: eb34c28f22e8b96e1ab97ce403110664 -> 
  custom:audio-encoder-webm-vorbis: bf7c407c2cedff20999df2af8eb42d56 -> 
  custom:framework-win-MediaFoundation: 216162199b28c13a410421893ffa2e32 -> 
  custom:container-demuxer-ogg: 62fdf1f143b41e24485cea50d1cbac27 -> 
  custom:video-decoder-webm-vp8: 9c59270c3fd7afecdb556c50c9e8de78 -> 
  custom:audio-decoder-ogg-vorbis: bf7c407c2cedff20999df2af8eb42d56 -> 
========================================================================
Received Prepare
Registering precompiled user dll's ...
Registered in 0.041023 seconds.
Begin MonoManager ReloadAssembly
Native extension for WindowsStandalone target not found
Refreshing native plugins compatible for Editor in 0.70 ms, found 1 plugins.
Preloading 0 native plugins for Editor in 0.00 ms.
Mono: successfully reloaded assembly
- Completed reload, in  2.443 seconds
Domain Reload Profiling:
	ReloadAssembly (2444ms)
		BeginReloadAssembly (435ms)
			ExecutionOrderSort (0ms)
			DisableScriptedObjects (16ms)
			BackupInstance (0ms)
			ReleaseScriptingObjects (0ms)
			CreateAndSetChildDomain (53ms)
		EndReloadAssembly (1678ms)
			LoadAssemblies (340ms)
			RebuildTransferFunctionScriptingTraits (0ms)
			SetupTypeCache (361ms)
			ReleaseScriptCaches (1ms)
			RebuildScriptCaches (87ms)
			SetupLoadedEditorAssemblies (795ms)
				LogAssemblyErrors (0ms)
				InitializePlatformSupportModulesInManaged (22ms)
				SetLoadedEditorAssemblies (1ms)
				RefreshPlugins (1ms)
				BeforeProcessingInitializeOnLoad (246ms)
				ProcessInitializeOnLoadAttributes (322ms)
				ProcessInitializeOnLoadMethodAttributes (99ms)
				AfterProcessingInitializeOnLoad (103ms)
				EditorAssembliesLoaded (0ms)
			ExecutionOrderSort2 (0ms)
			AwakeInstancesAfterBackupRestoration (62ms)
Platform modules already initialized, skipping
Refreshing native plugins compatible for Editor in 10.81 ms, found 1 plugins.
Preloading 0 native plugins for Editor in 0.00 ms.
Unloading 2021 Unused Serialized files (Serialized files now loaded: 0)
Unloading 13 unused Assets / (95.5 KB). Loaded Objects now: 2683.
Memory consumption went from 114.5 MB to 114.4 MB.
Total: 46.206600 ms (FindLiveObjects: 0.223100 ms CreateObjectMapping: 0.100600 ms MarkObjects: 45.823300 ms  DeleteObjects: 0.057100 ms)

AssetImportParameters requested are different than current active one (requested -> active):
  custom:video-decoder-ogg-theora: a1e56fd34408186e4bbccfd4996cb3dc -> 
  custom:container-muxer-webm: aa71ff27fc2769a1b78a27578f13a17b -> 
  custom:container-demuxer-webm: 4f35f7cbe854078d1ac9338744f61a02 -> 
  custom:video-encoder-webm-vp8: eb34c28f22e8b96e1ab97ce403110664 -> 
  custom:audio-encoder-webm-vorbis: bf7c407c2cedff20999df2af8eb42d56 -> 
  custom:framework-win-MediaFoundation: 216162199b28c13a410421893ffa2e32 -> 
  custom:container-demuxer-ogg: 62fdf1f143b41e24485cea50d1cbac27 -> 
  custom:video-decoder-webm-vp8: 9c59270c3fd7afecdb556c50c9e8de78 -> 
  custom:audio-decoder-ogg-vorbis: bf7c407c2cedff20999df2af8eb42d56 -> 
========================================================================
Received Import Request.
  Time since last request: 121.030350 seconds.
  path: Assets/Editor/UI Builder/ItemEditor.uxml
  artifactKey: Guid(61e57bbef185a1649b92f4c3db5d149e) Importer(815301076,1909f56bfc062723c751e8b465ee728b)
Start importing Assets/Editor/UI Builder/ItemEditor.uxml using Guid(61e57bbef185a1649b92f4c3db5d149e) Importer(815301076,1909f56bfc062723c751e8b465ee728b)  -> (artifact id: '3fe04beb2912a673aac5d9502e0c8b85') in 0.040022 seconds 
========================================================================
Received Import Request.
  Time since last request: 22.283755 seconds.
  path: Assets/Editor/UI Builder/ItemEditor.uxml
  artifactKey: Guid(61e57bbef185a1649b92f4c3db5d149e) Importer(815301076,1909f56bfc062723c751e8b465ee728b)
Start importing Assets/Editor/UI Builder/ItemEditor.uxml using Guid(61e57bbef185a1649b92f4c3db5d149e) Importer(815301076,1909f56bfc062723c751e8b465ee728b)  -> (artifact id: 'ebf19c602fc462849e1e777bbf86727c') in 0.016190 seconds 
========================================================================
Received Import Request.
  Time since last request: 7.364723 seconds.
  path: Assets/Editor/UI Builder/ItemEditor.uxml
  artifactKey: Guid(61e57bbef185a1649b92f4c3db5d149e) Importer(815301076,1909f56bfc062723c751e8b465ee728b)
Start importing Assets/Editor/UI Builder/ItemEditor.uxml using Guid(61e57bbef185a1649b92f4c3db5d149e) Importer(815301076,1909f56bfc062723c751e8b465ee728b)  -> (artifact id: '47dbd06e3dbed83fec30b40e9e9d3db2') in 0.042746 seconds 
========================================================================
Received Import Request.
  Time since last request: 4.228957 seconds.
  path: Assets/Editor/UI Builder/ItemEditor.cs
  artifactKey: Guid(3222543e0cf716c4e8d4c6410167d898) Importer(815301076,1909f56bfc062723c751e8b465ee728b)
Start importing Assets/Editor/UI Builder/ItemEditor.cs using Guid(3222543e0cf716c4e8d4c6410167d898) Importer(815301076,1909f56bfc062723c751e8b465ee728b)  -> (artifact id: 'adc74567ec6011f81c29c2a4504fdadc') in 0.012059 seconds 
========================================================================
Received Prepare
Registering precompiled user dll's ...
Registered in 0.034949 seconds.
Begin MonoManager ReloadAssembly
Native extension for WindowsStandalone target not found
Refreshing native plugins compatible for Editor in 0.74 ms, found 1 plugins.
Preloading 0 native plugins for Editor in 0.00 ms.
Mono: successfully reloaded assembly
- Completed reload, in  2.850 seconds
Domain Reload Profiling:
	ReloadAssembly (2851ms)
		BeginReloadAssembly (507ms)
			ExecutionOrderSort (0ms)
			DisableScriptedObjects (17ms)
			BackupInstance (0ms)
			ReleaseScriptingObjects (2ms)
			CreateAndSetChildDomain (54ms)
		EndReloadAssembly (1761ms)
			LoadAssemblies (410ms)
			RebuildTransferFunctionScriptingTraits (0ms)
			SetupTypeCache (565ms)
			ReleaseScriptCaches (1ms)
			RebuildScriptCaches (80ms)
			SetupLoadedEditorAssemblies (686ms)
				LogAssemblyErrors (0ms)
				InitializePlatformSupportModulesInManaged (23ms)
				SetLoadedEditorAssemblies (1ms)
				RefreshPlugins (1ms)
				BeforeProcessingInitializeOnLoad (216ms)
				ProcessInitializeOnLoadAttributes (288ms)
				ProcessInitializeOnLoadMethodAttributes (70ms)
				AfterProcessingInitializeOnLoad (87ms)
				EditorAssembliesLoaded (0ms)
			ExecutionOrderSort2 (0ms)
			AwakeInstancesAfterBackupRestoration (61ms)
Platform modules already initialized, skipping
Refreshing native plugins compatible for Editor in 5.56 ms, found 1 plugins.
Preloading 0 native plugins for Editor in 0.00 ms.
Unloading 2021 Unused Serialized files (Serialized files now loaded: 0)
Unloading 13 unused Assets / (95.5 KB). Loaded Objects now: 2698.
Memory consumption went from 114.5 MB to 114.4 MB.
Total: 4.047900 ms (FindLiveObjects: 0.243000 ms CreateObjectMapping: 0.093700 ms MarkObjects: 3.663200 ms  DeleteObjects: 0.046300 ms)

AssetImportParameters requested are different than current active one (requested -> active):
  custom:video-decoder-ogg-theora: a1e56fd34408186e4bbccfd4996cb3dc -> 
  custom:container-muxer-webm: aa71ff27fc2769a1b78a27578f13a17b -> 
  custom:container-demuxer-webm: 4f35f7cbe854078d1ac9338744f61a02 -> 
  custom:video-encoder-webm-vp8: eb34c28f22e8b96e1ab97ce403110664 -> 
  custom:audio-encoder-webm-vorbis: bf7c407c2cedff20999df2af8eb42d56 -> 
  custom:framework-win-MediaFoundation: 216162199b28c13a410421893ffa2e32 -> 
  custom:container-demuxer-ogg: 62fdf1f143b41e24485cea50d1cbac27 -> 
  custom:video-decoder-webm-vp8: 9c59270c3fd7afecdb556c50c9e8de78 -> 
  custom:audio-decoder-ogg-vorbis: bf7c407c2cedff20999df2af8eb42d56 -> 
========================================================================
Received Import Request.
  Time since last request: 88.428602 seconds.
  path: Assets/Editor/UI Builder/ItemEditor.uxml
  artifactKey: Guid(61e57bbef185a1649b92f4c3db5d149e) Importer(815301076,1909f56bfc062723c751e8b465ee728b)
Start importing Assets/Editor/UI Builder/ItemEditor.uxml using Guid(61e57bbef185a1649b92f4c3db5d149e) Importer(815301076,1909f56bfc062723c751e8b465ee728b)  -> (artifact id: 'da468735ecc69c65791404481440e08e') in 0.040958 seconds 
========================================================================
Received Import Request.
  Time since last request: 57.713689 seconds.
  path: Assets/Editor/UI Builder/ItemEditor.uxml
  artifactKey: Guid(61e57bbef185a1649b92f4c3db5d149e) Importer(815301076,1909f56bfc062723c751e8b465ee728b)
Start importing Assets/Editor/UI Builder/ItemEditor.uxml using Guid(61e57bbef185a1649b92f4c3db5d149e) Importer(815301076,1909f56bfc062723c751e8b465ee728b)  -> (artifact id: '827a0ac5b268c6a20d51a444bac687f8') in 0.019814 seconds 
========================================================================
Received Import Request.
  Time since last request: 35.566811 seconds.
  path: Assets/Editor/UI Builder/ItemEditor.uxml
  artifactKey: Guid(61e57bbef185a1649b92f4c3db5d149e) Importer(815301076,1909f56bfc062723c751e8b465ee728b)
Start importing Assets/Editor/UI Builder/ItemEditor.uxml using Guid(61e57bbef185a1649b92f4c3db5d149e) Importer(815301076,1909f56bfc062723c751e8b465ee728b)  -> (artifact id: 'd9d801dd28cfff883c9062489040ff59') in 0.016441 seconds 
========================================================================
Received Import Request.
  Time since last request: 170.699059 seconds.
  path: Assets/Editor/UI Builder/ItemEditor.uxml
  artifactKey: Guid(61e57bbef185a1649b92f4c3db5d149e) Importer(815301076,1909f56bfc062723c751e8b465ee728b)
Start importing Assets/Editor/UI Builder/ItemEditor.uxml using Guid(61e57bbef185a1649b92f4c3db5d149e) Importer(815301076,1909f56bfc062723c751e8b465ee728b)  -> (artifact id: 'ac280c3201b6a68702c7b11d3136f090') in 0.022362 seconds 
========================================================================
Received Import Request.
  Time since last request: 281.839970 seconds.
  path: Assets/Editor/UI Builder/ItemEditor.uxml
  artifactKey: Guid(61e57bbef185a1649b92f4c3db5d149e) Importer(815301076,1909f56bfc062723c751e8b465ee728b)
Start importing Assets/Editor/UI Builder/ItemEditor.uxml using Guid(61e57bbef185a1649b92f4c3db5d149e) Importer(815301076,1909f56bfc062723c751e8b465ee728b)  -> (artifact id: '98152a118daee2c4a7806d745ed3d5ec') in 0.015651 seconds 
========================================================================
Received Import Request.
  Time since last request: 75.698354 seconds.
  path: Assets/Editor/UI Builder/ItemEditor.uxml
  artifactKey: Guid(61e57bbef185a1649b92f4c3db5d149e) Importer(815301076,1909f56bfc062723c751e8b465ee728b)
Start importing Assets/Editor/UI Builder/ItemEditor.uxml using Guid(61e57bbef185a1649b92f4c3db5d149e) Importer(815301076,1909f56bfc062723c751e8b465ee728b)  -> (artifact id: '6a7b7c5b53720f5838bb44e3ac7e7358') in 0.031832 seconds 
========================================================================
Received Import Request.
  Time since last request: 38.662248 seconds.
  path: Assets/Editor/UI Builder/ItemEditor.uxml
  artifactKey: Guid(61e57bbef185a1649b92f4c3db5d149e) Importer(815301076,1909f56bfc062723c751e8b465ee728b)
Start importing Assets/Editor/UI Builder/ItemEditor.uxml using Guid(61e57bbef185a1649b92f4c3db5d149e) Importer(815301076,1909f56bfc062723c751e8b465ee728b)  -> (artifact id: '408e2ad593398f27b89dfaee0bdd0265') in 0.017501 seconds 
========================================================================
Received Import Request.
  Time since last request: 9.711314 seconds.
  path: Assets/Editor/UI Builder/ItemEditor.uxml
  artifactKey: Guid(61e57bbef185a1649b92f4c3db5d149e) Importer(815301076,1909f56bfc062723c751e8b465ee728b)
Start importing Assets/Editor/UI Builder/ItemEditor.uxml using Guid(61e57bbef185a1649b92f4c3db5d149e) Importer(815301076,1909f56bfc062723c751e8b465ee728b)  -> (artifact id: '078ba1abecdf07eea68caac384d9afd4') in 0.022889 seconds 
========================================================================
Received Import Request.
  Time since last request: 13.463567 seconds.
  path: Assets/Editor/UI Builder/ItemEditor.uxml
  artifactKey: Guid(61e57bbef185a1649b92f4c3db5d149e) Importer(815301076,1909f56bfc062723c751e8b465ee728b)
Start importing Assets/Editor/UI Builder/ItemEditor.uxml using Guid(61e57bbef185a1649b92f4c3db5d149e) Importer(815301076,1909f56bfc062723c751e8b465ee728b)  -> (artifact id: '1b0455b418bee6d3e8463a4d2177b996') in 0.027913 seconds 
========================================================================
Received Import Request.
  Time since last request: 12.787955 seconds.
  path: Assets/Editor/UI Builder/ItemEditor.uxml
  artifactKey: Guid(61e57bbef185a1649b92f4c3db5d149e) Importer(815301076,1909f56bfc062723c751e8b465ee728b)
Start importing Assets/Editor/UI Builder/ItemEditor.uxml using Guid(61e57bbef185a1649b92f4c3db5d149e) Importer(815301076,1909f56bfc062723c751e8b465ee728b)  -> (artifact id: '23d9f162e0b533adc464f6d6d6c23267') in 0.017405 seconds 
AssetImportWorkerClient::OnTransportError - code=10054 error=
